2026-03-12 20:38:44 | INFO | __main__ | ================================================================================
2026-03-12 20:38:44 | INFO | __main__ | Starting DeBERTa training with config configs/deberta_doc.yaml
2026-03-12 20:38:44 | INFO | __main__ | Run: model=deberta context=doc rag=False seed=1701 eval=True dry_run=False
2026-03-13 03:36:32 | INFO | __main__ | Test metrics - macro_f1=0.2983 micro_f1=0.3462
2026-03-13 03:36:32 | INFO | __main__ | ================================================================================
context_rag.data.dataset | Loading split validation
2026-03-12 20:38:44 | INFO | value_context_rag.data.dataset | Loading label names from raw data
2026-03-12 20:38:45 | INFO | value_context_rag.models.deberta | Loading DeBERTa model microsoft/deberta-v3-base
2026-03-12 20:38:52 | INFO | value_context_rag.models.training | Enabled gradient checkpointing
2026-03-12 20:38:52 | INFO | value_context_rag.models.training | Forced model parameters to fp32
2026-03-12 20:38:52 | INFO | value_context_rag.models.training | Context budgets: max_length=1024 doc_budget=824 kb_budget=n/a
2026-03-12 20:38:52 | INFO | value_context_rag.models.training | Building training contexts (doc)
2026-03-12 20:39:46 | INFO | value_context_rag.models.training | Building validation contexts (doc)
2026-03-12 20:40:05 | INFO | value_context_rag.models.training | Training config: batch=8 lr=1e-05 wd=0.15 max_len=1024 accum=2 save_ckpt=True
2026-03-12 20:40:06 | INFO | value_context_rag.models.training | Resumed training from results/checkpoints/deberta_doc_no_rag_seed1701_best_last.pt (epoch 11)
2026-03-12 20:40:06 | INFO | value_context_rag.models.training | Starting epoch 11/20
2026-03-12 21:22:41 | INFO | value_context_rag.models.training | Epoch 11/20 - train loss 0.0375
2026-03-12 21:22:41 | INFO | value_context_rag.models.training | Evaluating on validation split
2026-03-12 21:26:05 | INFO | value_context_rag.models.training | Validation metrics - macro_f1=0.2802 micro_f1=0.3456
2026-03-12 21:26:07 | INFO | value_context_rag.models.training | Saved last checkpoint to results/checkpoints/deberta_doc_no_rag_seed1701_best_last.pt
2026-03-12 21:26:07 | INFO | value_context_rag.models.training | Starting epoch 12/20
2026-03-12 22:08:43 | INFO | value_context_rag.models.training | Epoch 12/20 - train loss 0.0358
2026-03-12 22:08:43 | INFO | value_context_rag.models.training | Evaluating on validation split
2026-03-12 22:12:07 | INFO | value_context_rag.models.training | Validation metrics - macro_f1=0.2979 micro_f1=0.3657
2026-03-12 22:12:08 | INFO | value_context_rag.models.training | Saved best checkpoint to results/checkpoints/deberta_doc_no_rag_seed1701_best.pt
2026-03-12 22:12:09 | INFO | value_context_rag.models.training | Saved HF bundle to results/hf_models/deberta_doc_no_rag_seed1701_best
2026-03-12 22:12:11 | INFO | value_context_rag.models.training | Saved last checkpoint to results/checkpoints/deberta_doc_no_rag_seed1701_best_last.pt
2026-03-12 22:12:11 | INFO | value_context_rag.models.training | Starting epoch 13/20
2026-03-12 22:54:48 | INFO | value_context_rag.models.training | Epoch 13/20 - train loss 0.0339
2026-03-12 22:54:48 | INFO | value_context_rag.models.training | Evaluating on validation split
2026-03-12 22:58:12 | INFO | value_context_rag.models.training | Validation metrics - macro_f1=0.2913 micro_f1=0.3560
2026-03-12 22:58:14 | INFO | value_context_rag.models.training | Saved last checkpoint to results/checkpoints/deberta_doc_no_rag_seed1701_best_last.pt
2026-03-12 22:58:14 | INFO | value_context_rag.models.training | Starting epoch 14/20
2026-03-12 23:40:50 | INFO | value_context_rag.models.training | Epoch 14/20 - train loss 0.0319
2026-03-12 23:40:50 | INFO | value_context_rag.models.training | Evaluating on validation split
2026-03-12 23:44:14 | INFO | value_context_rag.models.training | Validation metrics - macro_f1=0.2985 micro_f1=0.3463
2026-03-12 23:44:14 | INFO | value_context_rag.models.training | Saved best checkpoint to results/checkpoints/deberta_doc_no_rag_seed1701_best.pt
2026-03-12 23:44:15 | INFO | value_context_rag.models.training | Saved HF bundle to results/hf_models/deberta_doc_no_rag_seed1701_best
2026-03-12 23:44:17 | INFO | value_context_rag.models.training | Saved last checkpoint to results/checkpoints/deberta_doc_no_rag_seed1701_best_last.pt
2026-03-12 23:44:17 | INFO | value_context_rag.models.training | Starting epoch 15/20
2026-03-13 00:26:55 | INFO | value_context_rag.models.training | Epoch 15/20 - train loss 0.0303
2026-03-13 00:26:55 | INFO | value_context_rag.models.training | Evaluating on validation split
2026-03-13 00:30:19 | INFO | value_context_rag.models.training | Validation metrics - macro_f1=0.2870 micro_f1=0.3271
2026-03-13 00:30:21 | INFO | value_context_rag.models.training | Saved last checkpoint to results/checkpoints/deberta_doc_no_rag_seed1701_best_last.pt
2026-03-13 00:30:21 | INFO | value_context_rag.models.training | Starting epoch 16/20
2026-03-13 01:12:58 | INFO | value_context_rag.models.training | Epoch 16/20 - train loss 0.0286
2026-03-13 01:12:58 | INFO | value_context_rag.models.training | Evaluating on validation split
2026-03-13 01:16:21 | INFO | value_context_rag.models.training | Validation metrics - macro_f1=0.3050 micro_f1=0.3473
2026-03-13 01:16:22 | INFO | value_context_rag.models.training | Saved best checkpoint to results/checkpoints/deberta_doc_no_rag_seed1701_best.pt
2026-03-13 01:16:23 | INFO | value_context_rag.models.training | Saved HF bundle to results/hf_models/deberta_doc_no_rag_seed1701_best
2026-03-13 01:16:25 | INFO | value_context_rag.models.training | Saved last checkpoint to results/checkpoints/deberta_doc_no_rag_seed1701_best_last.pt
2026-03-13 01:16:25 | INFO | value_context_rag.models.training | Starting epoch 17/20
2026-03-13 01:59:01 | INFO | value_context_rag.models.training | Epoch 17/20 - train loss 0.0269
2026-03-13 01:59:01 | INFO | value_context_rag.models.training | Evaluating on validation split
2026-03-13 02:02:25 | INFO | value_context_rag.models.training | Validation metrics - macro_f1=0.2873 micro_f1=0.3517
2026-03-13 02:02:27 | INFO | value_context_rag.models.training | Saved last checkpoint to results/checkpoints/deberta_doc_no_rag_seed1701_best_last.pt
2026-03-13 02:02:27 | INFO | value_context_rag.models.training | Starting epoch 18/20
2026-03-13 02:45:03 | INFO | value_context_rag.models.training | Epoch 18/20 - train loss 0.0254
2026-03-13 02:45:03 | INFO | value_context_rag.models.training | Evaluating on validation split
2026-03-13 02:48:27 | INFO | value_context_rag.models.training | Validation metrics - macro_f1=0.2872 micro_f1=0.3338
2026-03-13 02:48:29 | INFO | value_context_rag.models.training | Saved last checkpoint to results/checkpoints/deberta_doc_no_rag_seed1701_best_last.pt
2026-03-13 02:48:29 | INFO | value_context_rag.models.training | Starting epoch 19/20
2026-03-13 03:31:07 | INFO | value_context_rag.models.training | Epoch 19/20 - train loss 0.0239
2026-03-13 03:31:07 | INFO | value_context_rag.models.training | Evaluating on validation split
2026-03-13 03:34:31 | INFO | value_context_rag.models.training | Validation metrics - macro_f1=0.2835 micro_f1=0.3224
2026-03-13 03:34:31 | INFO | value_context_rag.models.training | Early stopping triggered after 3 epochs without improvement
2026-03-13 03:34:31 | INFO | value_context_rag.models.training | Saved token stats to results/logs/token_stats_deberta_doc_no_rag_seed1701_best.json
2026-03-13 03:34:31 | INFO | value_context_rag.models.training | Validation summary (per epoch):
2026-03-13 03:34:31 | INFO | value_context_rag.models.training | epoch  macro_f1  micro_f1
2026-03-13 03:34:31 | INFO | value_context_rag.models.training |    11    0.2802    0.3456
2026-03-13 03:34:31 | INFO | value_context_rag.models.training |    12    0.2979    0.3657
2026-03-13 03:34:31 | INFO | value_context_rag.models.training |    13    0.2913    0.3560
2026-03-13 03:34:31 | INFO | value_context_rag.models.training |    14    0.2985    0.3463
2026-03-13 03:34:31 | INFO | value_context_rag.models.training |    15    0.2870    0.3271
2026-03-13 03:34:31 | INFO | value_context_rag.models.training |    16    0.3050    0.3473
2026-03-13 03:34:31 | INFO | value_context_rag.models.training |    17    0.2873    0.3517
2026-03-13 03:34:31 | INFO | value_context_rag.models.training |    18    0.2872    0.3338
2026-03-13 03:34:31 | INFO | value_context_rag.models.training |    19    0.2835    0.3224
2026-03-13 03:34:31 | INFO | value_context_rag.data.dataset | Loading label names from raw data
2026-03-13 03:34:31 | INFO | value_context_rag.models.deberta | Loading DeBERTa model microsoft/deberta-v3-base
2026-03-13 03:34:32 | INFO | value_context_rag.data.dataset | Loading split test
2026-03-13 03:34:32 | INFO | value_context_rag.data.dataset | Loading label names from raw data
2026-03-13 03:34:33 | INFO | value_context_rag.models.deberta | Loading DeBERTa model microsoft/deberta-v3-base
2026-03-13 03:34:34 | INFO | value_context_rag.models.training | Context budgets: max_length=1024 doc_budget=824 kb_budget=n/a
2026-03-13 03:34:34 | INFO | value_context_rag.data.dataset | Loading split test
2026-03-13 03:36:32 | INFO | value_context_rag.models.training | Saved predictions to results/predictions/deberta_doc_no_rag_seed1701.jsonl
2026-03-13 03:36:32 | INFO | value_context_rag.models.training | Saved metrics to results/logs/deberta_doc_no_rag_seed1701_test_metrics.json
