2026-03-31 06:23:28 | INFO | __main__ | ================================================================================
2026-03-31 06:23:28 | INFO | __main__ | Starting DeBERTa training with config /home/vicyesmo@upvnet.upv.es/human-value-detection-context-rag/configs/deberta-v3-large_doc_rag.yaml
2026-03-31 06:23:28 | INFO | __main__ | Run: model=deberta variant=microsoft/deberta-v3-large context=doc rag=True seed=42 eval=True dry_run=False
2026-03-31 06:23:28 | INFO | value_context_rag.utils.seed | Setting random seeds
2026-03-31 06:23:28 | INFO | value_context_rag.models.training | Loading dataset splits
2026-03-31 06:23:28 | INFO | value_context_rag.data.dataset | Loading split training
2026-03-31 06:23:29 | INFO | value_context_rag.data.dataset | Loading split validation
2026-03-31 06:23:29 | INFO | value_context_rag.kb.retriever | Loaded 58 KB chunks from data/kb/kb_chunks.jsonl
Loading weights: 100%|██████████| 103/103 [00:00<00:00, 12754.29it/s]
2026-03-31 06:23:35 | INFO | value_context_rag.data.dataset | Loading label names from raw data
2026-03-31 06:23:35 | INFO | value_context_rag.models.deberta | Loading DeBERTa model microsoft/deberta-v3-large
Loading weights: 100%|██████████| 390/390 [00:00<00:00, 37888.93it/s]
2026-03-31 06:23:37 | INFO | value_context_rag.models.training | Enabled gradient checkpointing
2026-03-31 06:23:37 | INFO | value_context_rag.models.training | Forced model parameters to fp32
2026-03-31 06:23:37 | INFO | value_context_rag.models.training | Context budgets: max_length=1024 doc_budget=824 kb_budget=200
2026-03-31 06:23:37 | INFO | value_context_rag.models.training | Building training contexts (doc)
2026-03-31 06:29:27 | INFO | value_context_rag.models.training | Building validation contexts (doc)
2026-03-31 06:31:28 | INFO | value_context_rag.models.training | AdamW settings: lr=5e-06 wd=0.1 foreach=False fused=False
2026-03-31 06:31:28 | INFO | value_context_rag.models.training | Training config: batch=16 lr=5e-06 wd=0.1 max_len=1024 accum=2 save_ckpt=True
2026-03-31 06:31:28 | INFO | value_context_rag.models.training | Starting epoch 1/20
2026-03-31 08:04:41 | INFO | value_context_rag.models.training | Epoch 1/20 - train loss 0.0722
2026-03-31 08:04:41 | INFO | value_context_rag.models.training | Evaluating on validation split
2026-03-31 08:12:19 | INFO | value_context_rag.models.training | Validation metrics - macro_f1=0.0000 micro_f1=0.0000
2026-03-31 08:12:27 | INFO | value_context_rag.models.training | Saved best checkpoint to results/checkpoints/deberta_doc_rag_seed42_deberta-v3-large_best.pt
Writing model shards: 100%|██████████| 1/1 [00:08<00:00,  8.21s/it]
2026-03-31 08:12:36 | INFO | value_context_rag.models.training | Saved HF bundle to results/hf_models/deberta_doc_rag_seed42_deberta-v3-large_best
2026-03-31 08:12:57 | INFO | value_context_rag.models.training | Saved last checkpoint to results/checkpoints/deberta_doc_rag_seed42_deberta-v3-large_best_last.pt
2026-03-31 08:12:57 | INFO | value_context_rag.models.training | Starting epoch 2/20
[vicyesmo@upvnet.upv.es@sirius1 human-value-detection-context-rag]$ clear
[vicyesmo@upvnet.upv.es@sirius1 human-value-detection-context-rag]$ cat /lustre/scratch/vicyesmo@upvnet.upv.es/human-value-detection-context-rag/logs/pygpu-170139.err
2026-03-30 16:26:13 | INFO | value_context_rag.utils.config | Loading config from /home/vicyesmo@upvnet.upv.es/human-value-detection-context-rag/configs/deberta-v3-large_sentence_rag.yaml
2026-03-30 16:26:13 | INFO | value_context_rag.utils.seed | Setting random seeds
2026-03-30 16:26:13 | INFO | __main__ | ================================================================================
2026-03-30 16:26:13 | INFO | __main__ | Starting DeBERTa training with config /home/vicyesmo@upvnet.upv.es/human-value-detection-context-rag/configs/deberta-v3-large_sentence_rag.yaml
2026-03-30 16:26:13 | INFO | __main__ | Run: model=deberta variant=microsoft/deberta-v3-large context=sentence rag=True seed=42 eval=True dry_run=False
2026-03-30 16:26:13 | INFO | value_context_rag.utils.seed | Setting random seeds
2026-03-30 16:26:13 | INFO | value_context_rag.models.training | Loading dataset splits
2026-03-30 16:26:13 | INFO | value_context_rag.data.dataset | Loading split training
2026-03-30 16:26:13 | INFO | value_context_rag.data.dataset | Loading split validation
2026-03-30 16:26:14 | INFO | value_context_rag.kb.retriever | Loaded 58 KB chunks from data/kb/kb_chunks.jsonl
Loading weights: 100%|██████████| 103/103 [00:00<00:00, 1777.99it/s]
2026-03-30 16:26:29 | INFO | value_context_rag.data.dataset | Loading label names from raw data
2026-03-30 16:26:29 | INFO | value_context_rag.models.deberta | Loading DeBERTa model microsoft/deberta-v3-large
Loading weights: 100%|██████████| 390/390 [00:00<00:00, 40134.91it/s]
2026-03-30 16:26:32 | INFO | value_context_rag.models.training | Enabled gradient checkpointing
2026-03-30 16:26:32 | INFO | value_context_rag.models.training | Forced model parameters to fp32
2026-03-30 16:26:32 | INFO | value_context_rag.models.training | Context budgets: max_length=1024 doc_budget=n/a kb_budget=200
2026-03-30 16:26:32 | INFO | value_context_rag.models.training | Building training contexts (sentence)
2026-03-30 16:29:19 | INFO | value_context_rag.models.training | Building validation contexts (sentence)
2026-03-30 16:30:15 | INFO | value_context_rag.models.training | AdamW settings: lr=5e-06 wd=0.1 foreach=False fused=False
2026-03-30 16:30:15 | INFO | value_context_rag.models.training | Training config: batch=16 lr=5e-06 wd=0.1 max_len=1024 accum=2 save_ckpt=True
2026-03-30 16:30:15 | INFO | value_context_rag.models.training | Starting epoch 1/20
2026-03-30 16:47:26 | INFO | value_context_rag.models.training | Epoch 1/20 - train loss 0.0731
2026-03-30 16:47:26 | INFO | value_context_rag.models.training | Evaluating on validation split
2026-03-30 16:48:55 | INFO | value_context_rag.models.training | Validation metrics - macro_f1=0.0682 micro_f1=0.1753
2026-03-30 16:49:03 | INFO | value_context_rag.models.training | Saved best checkpoint to results/checkpoints/deberta_sentence_rag_seed42_deberta-v3-large_best.pt
Writing model shards: 100%|██████████| 1/1 [00:07<00:00,  7.13s/it]
2026-03-30 16:49:10 | INFO | value_context_rag.models.training | Saved HF bundle to results/hf_models/deberta_sentence_rag_seed42_deberta-v3-large_best
2026-03-30 16:49:31 | INFO | value_context_rag.models.training | Saved last checkpoint to results/checkpoints/deberta_sentence_rag_seed42_deberta-v3-large_best_last.pt
2026-03-30 16:49:31 | INFO | value_context_rag.models.training | Starting epoch 2/20
2026-03-30 17:06:40 | INFO | value_context_rag.models.training | Epoch 2/20 - train loss 0.0566
2026-03-30 17:06:40 | INFO | value_context_rag.models.training | Evaluating on validation split
2026-03-30 17:08:09 | INFO | value_context_rag.models.training | Validation metrics - macro_f1=0.1460 micro_f1=0.2957
2026-03-30 17:08:25 | INFO | value_context_rag.models.training | Saved best checkpoint to results/checkpoints/deberta_sentence_rag_seed42_deberta-v3-large_best.pt
Writing model shards: 100%|██████████| 1/1 [00:13<00:00, 13.75s/it]
2026-03-30 17:08:39 | INFO | value_context_rag.models.training | Saved HF bundle to results/hf_models/deberta_sentence_rag_seed42_deberta-v3-large_best
2026-03-30 17:09:05 | INFO | value_context_rag.models.training | Saved last checkpoint to results/checkpoints/deberta_sentence_rag_seed42_deberta-v3-large_best_last.pt
2026-03-30 17:09:05 | INFO | value_context_rag.models.training | Starting epoch 3/20
2026-03-30 17:26:15 | INFO | value_context_rag.models.training | Epoch 3/20 - train loss 0.0517
2026-03-30 17:26:15 | INFO | value_context_rag.models.training | Evaluating on validation split
2026-03-30 17:27:44 | INFO | value_context_rag.models.training | Validation metrics - macro_f1=0.2008 micro_f1=0.3189
2026-03-30 17:27:51 | INFO | value_context_rag.models.training | Saved best checkpoint to results/checkpoints/deberta_sentence_rag_seed42_deberta-v3-large_best.pt
Writing model shards: 100%|██████████| 1/1 [00:09<00:00,  9.12s/it]
2026-03-30 17:28:01 | INFO | value_context_rag.models.training | Saved HF bundle to results/hf_models/deberta_sentence_rag_seed42_deberta-v3-large_best
2026-03-30 17:28:23 | INFO | value_context_rag.models.training | Saved last checkpoint to results/checkpoints/deberta_sentence_rag_seed42_deberta-v3-large_best_last.pt
2026-03-30 17:28:23 | INFO | value_context_rag.models.training | Starting epoch 4/20
2026-03-30 17:45:34 | INFO | value_context_rag.models.training | Epoch 4/20 - train loss 0.0483
2026-03-30 17:45:34 | INFO | value_context_rag.models.training | Evaluating on validation split
2026-03-30 17:47:03 | INFO | value_context_rag.models.training | Validation metrics - macro_f1=0.2337 micro_f1=0.3250
2026-03-30 17:47:10 | INFO | value_context_rag.models.training | Saved best checkpoint to results/checkpoints/deberta_sentence_rag_seed42_deberta-v3-large_best.pt
Writing model shards: 100%|██████████| 1/1 [00:07<00:00,  7.68s/it]
2026-03-30 17:47:18 | INFO | value_context_rag.models.training | Saved HF bundle to results/hf_models/deberta_sentence_rag_seed42_deberta-v3-large_best
2026-03-30 17:47:38 | INFO | value_context_rag.models.training | Saved last checkpoint to results/checkpoints/deberta_sentence_rag_seed42_deberta-v3-large_best_last.pt
2026-03-30 17:47:38 | INFO | value_context_rag.models.training | Starting epoch 5/20
2026-03-30 18:04:49 | INFO | value_context_rag.models.training | Epoch 5/20 - train loss 0.0450
2026-03-30 18:04:49 | INFO | value_context_rag.models.training | Evaluating on validation split
2026-03-30 18:06:18 | INFO | value_context_rag.models.training | Validation metrics - macro_f1=0.2471 micro_f1=0.3253
2026-03-30 18:06:25 | INFO | value_context_rag.models.training | Saved best checkpoint to results/checkpoints/deberta_sentence_rag_seed42_deberta-v3-large_best.pt
Writing model shards: 100%|██████████| 1/1 [00:07<00:00,  7.57s/it]
2026-03-30 18:06:33 | INFO | value_context_rag.models.training | Saved HF bundle to results/hf_models/deberta_sentence_rag_seed42_deberta-v3-large_best
2026-03-30 18:06:54 | INFO | value_context_rag.models.training | Saved last checkpoint to results/checkpoints/deberta_sentence_rag_seed42_deberta-v3-large_best_last.pt
2026-03-30 18:06:54 | INFO | value_context_rag.models.training | Starting epoch 6/20
2026-03-30 18:24:05 | INFO | value_context_rag.models.training | Epoch 6/20 - train loss 0.0415
2026-03-30 18:24:05 | INFO | value_context_rag.models.training | Evaluating on validation split
2026-03-30 18:25:34 | INFO | value_context_rag.models.training | Validation metrics - macro_f1=0.2544 micro_f1=0.3196
2026-03-30 18:25:42 | INFO | value_context_rag.models.training | Saved best checkpoint to results/checkpoints/deberta_sentence_rag_seed42_deberta-v3-large_best.pt
Writing model shards: 100%|██████████| 1/1 [00:08<00:00,  8.10s/it]
2026-03-30 18:25:50 | INFO | value_context_rag.models.training | Saved HF bundle to results/hf_models/deberta_sentence_rag_seed42_deberta-v3-large_best
2026-03-30 18:26:11 | INFO | value_context_rag.models.training | Saved last checkpoint to results/checkpoints/deberta_sentence_rag_seed42_deberta-v3-large_best_last.pt
2026-03-30 18:26:11 | INFO | value_context_rag.models.training | Starting epoch 7/20
2026-03-30 18:43:21 | INFO | value_context_rag.models.training | Epoch 7/20 - train loss 0.0380
2026-03-30 18:43:21 | INFO | value_context_rag.models.training | Evaluating on validation split
2026-03-30 18:44:50 | INFO | value_context_rag.models.training | Validation metrics - macro_f1=0.2564 micro_f1=0.3160
2026-03-30 18:44:59 | INFO | value_context_rag.models.training | Saved best checkpoint to results/checkpoints/deberta_sentence_rag_seed42_deberta-v3-large_best.pt
Writing model shards: 100%|██████████| 1/1 [00:11<00:00, 11.13s/it]
2026-03-30 18:45:11 | INFO | value_context_rag.models.training | Saved HF bundle to results/hf_models/deberta_sentence_rag_seed42_deberta-v3-large_best
2026-03-30 18:45:31 | INFO | value_context_rag.models.training | Saved last checkpoint to results/checkpoints/deberta_sentence_rag_seed42_deberta-v3-large_best_last.pt
2026-03-30 18:45:31 | INFO | value_context_rag.models.training | Starting epoch 8/20
2026-03-30 19:02:41 | INFO | value_context_rag.models.training | Epoch 8/20 - train loss 0.0345
2026-03-30 19:02:41 | INFO | value_context_rag.models.training | Evaluating on validation split
2026-03-30 19:04:10 | INFO | value_context_rag.models.training | Validation metrics - macro_f1=0.2439 micro_f1=0.3058
2026-03-30 19:04:30 | INFO | value_context_rag.models.training | Saved last checkpoint to results/checkpoints/deberta_sentence_rag_seed42_deberta-v3-large_best_last.pt
2026-03-30 19:04:30 | INFO | value_context_rag.models.training | Starting epoch 9/20
2026-03-30 19:21:41 | INFO | value_context_rag.models.training | Epoch 9/20 - train loss 0.0314
2026-03-30 19:21:41 | INFO | value_context_rag.models.training | Evaluating on validation split
2026-03-30 19:23:10 | INFO | value_context_rag.models.training | Validation metrics - macro_f1=0.2505 micro_f1=0.3064
2026-03-30 19:23:30 | INFO | value_context_rag.models.training | Saved last checkpoint to results/checkpoints/deberta_sentence_rag_seed42_deberta-v3-large_best_last.pt
2026-03-30 19:23:30 | INFO | value_context_rag.models.training | Starting epoch 10/20
2026-03-30 19:40:41 | INFO | value_context_rag.models.training | Epoch 10/20 - train loss 0.0284
2026-03-30 19:40:41 | INFO | value_context_rag.models.training | Evaluating on validation split
2026-03-30 19:42:10 | INFO | value_context_rag.models.training | Validation metrics - macro_f1=0.2517 micro_f1=0.3030
2026-03-30 19:42:10 | INFO | value_context_rag.models.training | Early stopping triggered after 3 epochs without improvement
2026-03-30 19:42:10 | INFO | value_context_rag.models.training | Saved token stats to results/logs/token_stats_deberta_sentence_rag_seed42_deberta-v3-large_best.json
2026-03-30 19:42:10 | INFO | value_context_rag.models.training | Validation summary (per epoch):
2026-03-30 19:42:10 | INFO | value_context_rag.models.training | epoch  macro_f1  micro_f1
2026-03-30 19:42:10 | INFO | value_context_rag.models.training |     1    0.0682    0.1753
2026-03-30 19:42:10 | INFO | value_context_rag.models.training |     2    0.1460    0.2957
2026-03-30 19:42:10 | INFO | value_context_rag.models.training |     3    0.2008    0.3189
2026-03-30 19:42:10 | INFO | value_context_rag.models.training |     4    0.2337    0.3250
2026-03-30 19:42:10 | INFO | value_context_rag.models.training |     5    0.2471    0.3253
2026-03-30 19:42:10 | INFO | value_context_rag.models.training |     6    0.2544    0.3196
2026-03-30 19:42:10 | INFO | value_context_rag.models.training |     7    0.2564    0.3160
2026-03-30 19:42:10 | INFO | value_context_rag.models.training |     8    0.2439    0.3058
2026-03-30 19:42:10 | INFO | value_context_rag.models.training |     9    0.2505    0.3064
2026-03-30 19:42:10 | INFO | value_context_rag.models.training |    10    0.2517    0.3030
2026-03-30 19:42:10 | INFO | value_context_rag.data.dataset | Loading label names from raw data
2026-03-30 19:42:10 | INFO | value_context_rag.models.deberta | Loading DeBERTa model microsoft/deberta-v3-large
Loading weights: 100%|██████████| 390/390 [00:00<00:00, 41276.27it/s]
2026-03-30 19:42:13 | INFO | value_context_rag.data.dataset | Loading split test
2026-03-30 19:42:13 | INFO | value_context_rag.data.dataset | Loading label names from raw data
2026-03-30 19:42:13 | INFO | value_context_rag.models.deberta | Loading DeBERTa model microsoft/deberta-v3-large
Loading weights: 100%|██████████| 390/390 [00:00<00:00, 44271.25it/s]
2026-03-30 19:42:16 | INFO | value_context_rag.models.training | Context budgets: max_length=1024 doc_budget=n/a kb_budget=200
2026-03-30 19:42:16 | INFO | value_context_rag.kb.retriever | Loaded 58 KB chunks from data/kb/kb_chunks.jsonl
Loading weights: 100%|██████████| 103/103 [00:00<00:00, 11995.70it/s]
2026-03-30 19:42:18 | INFO | value_context_rag.data.dataset | Loading split test
2026-03-30 19:43:39 | INFO | value_context_rag.models.training | Saved predictions to results/predictions/deberta_sentence_rag_seed42_deberta-v3-large.jsonl
2026-03-30 19:43:39 | INFO | value_context_rag.models.training | Saved metrics to results/logs/deberta_sentence_rag_seed42_deberta-v3-large_test_metrics.json
2026-03-30 19:43:39 | INFO | __main__ | Test metrics - macro_f1=0.2603 micro_f1=0.3253
2026-03-30 19:43:39 | INFO | __main__ | ================================================================================
2026-03-30 19:44:06 | INFO | value_context_rag.utils.config | Loading config from /home/vicyesmo@upvnet.upv.es/human-value-detection-context-rag/configs/deberta-v3-large_window.yaml
2026-03-30 19:44:06 | INFO | value_context_rag.utils.seed | Setting random seeds
2026-03-30 19:44:06 | INFO | __main__ | ================================================================================
2026-03-30 19:44:06 | INFO | __main__ | Starting DeBERTa training with config /home/vicyesmo@upvnet.upv.es/human-value-detection-context-rag/configs/deberta-v3-large_window.yaml
2026-03-30 19:44:06 | INFO | __main__ | Run: model=deberta variant=microsoft/deberta-v3-large context=window rag=False seed=42 eval=True dry_run=False
2026-03-30 19:44:06 | INFO | value_context_rag.utils.seed | Setting random seeds
2026-03-30 19:44:06 | INFO | value_context_rag.models.training | Loading dataset splits
2026-03-30 19:44:06 | INFO | value_context_rag.data.dataset | Loading split training
2026-03-30 19:44:06 | INFO | value_context_rag.data.dataset | Loading split validation
2026-03-30 19:44:06 | INFO | value_context_rag.data.dataset | Loading label names from raw data
2026-03-30 19:44:07 | INFO | value_context_rag.models.deberta | Loading DeBERTa model microsoft/deberta-v3-large
Loading weights: 100%|██████████| 390/390 [00:00<00:00, 36104.32it/s]
2026-03-30 19:44:09 | INFO | value_context_rag.models.training | Enabled gradient checkpointing
2026-03-30 19:44:09 | INFO | value_context_rag.models.training | Forced model parameters to fp32
2026-03-30 19:44:09 | INFO | value_context_rag.models.training | Context budgets: max_length=1024 doc_budget=n/a kb_budget=n/a
2026-03-30 19:44:09 | INFO | value_context_rag.models.training | Building training contexts (window)
2026-03-30 19:44:10 | INFO | value_context_rag.models.training | Building validation contexts (window)
2026-03-30 19:44:11 | INFO | value_context_rag.models.training | AdamW settings: lr=5e-06 wd=0.1 foreach=False fused=False
2026-03-30 19:44:11 | INFO | value_context_rag.models.training | Training config: batch=16 lr=5e-06 wd=0.1 max_len=1024 accum=2 save_ckpt=True
2026-03-30 19:44:11 | INFO | value_context_rag.models.training | Starting epoch 1/20
2026-03-30 19:59:56 | INFO | value_context_rag.models.training | Epoch 1/20 - train loss 0.0758
2026-03-30 19:59:56 | INFO | value_context_rag.models.training | Evaluating on validation split
2026-03-30 20:01:03 | INFO | value_context_rag.models.training | Validation metrics - macro_f1=0.0000 micro_f1=0.0000
2026-03-30 20:01:11 | INFO | value_context_rag.models.training | Saved best checkpoint to results/checkpoints/deberta_window_no_rag_seed42_deberta-v3-large_best.pt
Writing model shards: 100%|██████████| 1/1 [00:07<00:00,  7.70s/it]
2026-03-30 20:01:19 | INFO | value_context_rag.models.training | Saved HF bundle to results/hf_models/deberta_window_no_rag_seed42_deberta-v3-large_best
2026-03-30 20:01:38 | INFO | value_context_rag.models.training | Saved last checkpoint to results/checkpoints/deberta_window_no_rag_seed42_deberta-v3-large_best_last.pt
2026-03-30 20:01:38 | INFO | value_context_rag.models.training | Starting epoch 2/20
2026-03-30 20:17:20 | INFO | value_context_rag.models.training | Epoch 2/20 - train loss 0.0651
2026-03-30 20:17:20 | INFO | value_context_rag.models.training | Evaluating on validation split
2026-03-30 20:18:27 | INFO | value_context_rag.models.training | Validation metrics - macro_f1=0.0000 micro_f1=0.0000
2026-03-30 20:18:47 | INFO | value_context_rag.models.training | Saved last checkpoint to results/checkpoints/deberta_window_no_rag_seed42_deberta-v3-large_best_last.pt
2026-03-30 20:18:47 | INFO | value_context_rag.models.training | Starting epoch 3/20
2026-03-30 20:34:29 | INFO | value_context_rag.models.training | Epoch 3/20 - train loss 0.0651
2026-03-30 20:34:29 | INFO | value_context_rag.models.training | Evaluating on validation split
2026-03-30 20:35:36 | INFO | value_context_rag.models.training | Validation metrics - macro_f1=0.0000 micro_f1=0.0000
2026-03-30 20:35:56 | INFO | value_context_rag.models.training | Saved last checkpoint to results/checkpoints/deberta_window_no_rag_seed42_deberta-v3-large_best_last.pt
2026-03-30 20:35:56 | INFO | value_context_rag.models.training | Starting epoch 4/20
2026-03-30 20:51:37 | INFO | value_context_rag.models.training | Epoch 4/20 - train loss 0.0651
2026-03-30 20:51:37 | INFO | value_context_rag.models.training | Evaluating on validation split
2026-03-30 20:52:44 | INFO | value_context_rag.models.training | Validation metrics - macro_f1=0.0000 micro_f1=0.0000
2026-03-30 20:52:44 | INFO | value_context_rag.models.training | Early stopping triggered after 3 epochs without improvement
2026-03-30 20:52:44 | INFO | value_context_rag.models.training | Saved token stats to results/logs/token_stats_deberta_window_no_rag_seed42_deberta-v3-large_best.json
2026-03-30 20:52:44 | INFO | value_context_rag.models.training | Validation summary (per epoch):
2026-03-30 20:52:44 | INFO | value_context_rag.models.training | epoch  macro_f1  micro_f1
2026-03-30 20:52:44 | INFO | value_context_rag.models.training |     1    0.0000    0.0000
2026-03-30 20:52:44 | INFO | value_context_rag.models.training |     2    0.0000    0.0000
2026-03-30 20:52:44 | INFO | value_context_rag.models.training |     3    0.0000    0.0000
2026-03-30 20:52:44 | INFO | value_context_rag.models.training |     4    0.0000    0.0000
2026-03-30 20:52:44 | INFO | value_context_rag.data.dataset | Loading label names from raw data
2026-03-30 20:52:44 | INFO | value_context_rag.models.deberta | Loading DeBERTa model microsoft/deberta-v3-large
Loading weights: 100%|██████████| 390/390 [00:00<00:00, 34786.78it/s]
2026-03-30 20:52:58 | INFO | value_context_rag.data.dataset | Loading split test
2026-03-30 20:52:59 | INFO | value_context_rag.data.dataset | Loading label names from raw data
2026-03-30 20:52:59 | INFO | value_context_rag.models.deberta | Loading DeBERTa model microsoft/deberta-v3-large
Loading weights: 100%|██████████| 390/390 [00:00<00:00, 50330.10it/s]
2026-03-30 20:53:01 | INFO | value_context_rag.models.training | Context budgets: max_length=1024 doc_budget=n/a kb_budget=n/a
2026-03-30 20:53:01 | INFO | value_context_rag.data.dataset | Loading split test
2026-03-30 20:53:24 | INFO | value_context_rag.models.training | Saved predictions to results/predictions/deberta_window_no_rag_seed42_deberta-v3-large.jsonl
2026-03-30 20:53:24 | INFO | value_context_rag.models.training | Saved metrics to results/logs/deberta_window_no_rag_seed42_deberta-v3-large_test_metrics.json
2026-03-30 20:53:24 | INFO | __main__ | Test metrics - macro_f1=0.0000 micro_f1=0.0000
2026-03-30 20:53:24 | INFO | __main__ | ================================================================================
2026-03-30 20:53:51 | INFO | value_context_rag.utils.config | Loading config from /home/vicyesmo@upvnet.upv.es/human-value-detection-context-rag/configs/deberta-v3-large_sentence.yaml
2026-03-30 20:53:51 | INFO | value_context_rag.utils.seed | Setting random seeds
2026-03-30 20:53:51 | INFO | __main__ | ================================================================================
2026-03-30 20:53:51 | INFO | __main__ | Starting DeBERTa training with config /home/vicyesmo@upvnet.upv.es/human-value-detection-context-rag/configs/deberta-v3-large_sentence.yaml
2026-03-30 20:53:51 | INFO | __main__ | Run: model=deberta variant=microsoft/deberta-v3-large context=sentence rag=False seed=42 eval=True dry_run=False
2026-03-30 20:53:51 | INFO | value_context_rag.utils.seed | Setting random seeds
2026-03-30 20:53:51 | INFO | value_context_rag.models.training | Loading dataset splits
2026-03-30 20:53:51 | INFO | value_context_rag.data.dataset | Loading split training
2026-03-30 20:53:52 | INFO | value_context_rag.data.dataset | Loading split validation
2026-03-30 20:53:52 | INFO | value_context_rag.data.dataset | Loading label names from raw data
2026-03-30 20:53:52 | INFO | value_context_rag.models.deberta | Loading DeBERTa model microsoft/deberta-v3-large
Loading weights: 100%|██████████| 390/390 [00:00<00:00, 47506.13it/s]
2026-03-30 20:53:55 | INFO | value_context_rag.models.training | Enabled gradient checkpointing
2026-03-30 20:53:55 | INFO | value_context_rag.models.training | Forced model parameters to fp32
2026-03-30 20:53:55 | INFO | value_context_rag.models.training | Context budgets: max_length=1024 doc_budget=n/a kb_budget=n/a
2026-03-30 20:53:55 | INFO | value_context_rag.models.training | Building training contexts (sentence)
2026-03-30 20:53:55 | INFO | value_context_rag.models.training | Building validation contexts (sentence)
2026-03-30 20:53:56 | INFO | value_context_rag.models.training | AdamW settings: lr=5e-06 wd=0.1 foreach=False fused=False
2026-03-30 20:53:56 | INFO | value_context_rag.models.training | Training config: batch=16 lr=5e-06 wd=0.1 max_len=1024 accum=2 save_ckpt=True
2026-03-30 20:53:56 | INFO | value_context_rag.models.training | Starting epoch 1/20
2026-03-30 21:00:04 | INFO | value_context_rag.models.training | Epoch 1/20 - train loss 0.0746
2026-03-30 21:00:04 | INFO | value_context_rag.models.training | Evaluating on validation split
2026-03-30 21:00:32 | INFO | value_context_rag.models.training | Validation metrics - macro_f1=0.0137 micro_f1=0.1242
2026-03-30 21:00:39 | INFO | value_context_rag.models.training | Saved best checkpoint to results/checkpoints/deberta_sentence_no_rag_seed42_deberta-v3-large_best.pt
Writing model shards: 100%|██████████| 1/1 [00:07<00:00,  7.71s/it]
2026-03-30 21:00:47 | INFO | value_context_rag.models.training | Saved HF bundle to results/hf_models/deberta_sentence_no_rag_seed42_deberta-v3-large_best
2026-03-30 21:01:09 | INFO | value_context_rag.models.training | Saved last checkpoint to results/checkpoints/deberta_sentence_no_rag_seed42_deberta-v3-large_best_last.pt
2026-03-30 21:01:09 | INFO | value_context_rag.models.training | Starting epoch 2/20
2026-03-30 21:07:13 | INFO | value_context_rag.models.training | Epoch 2/20 - train loss 0.0625
2026-03-30 21:07:13 | INFO | value_context_rag.models.training | Evaluating on validation split
2026-03-30 21:07:41 | INFO | value_context_rag.models.training | Validation metrics - macro_f1=0.0262 micro_f1=0.1168
2026-03-30 21:07:48 | INFO | value_context_rag.models.training | Saved best checkpoint to results/checkpoints/deberta_sentence_no_rag_seed42_deberta-v3-large_best.pt
Writing model shards: 100%|██████████| 1/1 [00:06<00:00,  6.91s/it]
2026-03-30 21:07:55 | INFO | value_context_rag.models.training | Saved HF bundle to results/hf_models/deberta_sentence_no_rag_seed42_deberta-v3-large_best
2026-03-30 21:08:17 | INFO | value_context_rag.models.training | Saved last checkpoint to results/checkpoints/deberta_sentence_no_rag_seed42_deberta-v3-large_best_last.pt
2026-03-30 21:08:17 | INFO | value_context_rag.models.training | Starting epoch 3/20
2026-03-30 21:14:21 | INFO | value_context_rag.models.training | Epoch 3/20 - train loss 0.0604
2026-03-30 21:14:21 | INFO | value_context_rag.models.training | Evaluating on validation split
2026-03-30 21:14:49 | INFO | value_context_rag.models.training | Validation metrics - macro_f1=0.0767 micro_f1=0.2318
2026-03-30 21:14:57 | INFO | value_context_rag.models.training | Saved best checkpoint to results/checkpoints/deberta_sentence_no_rag_seed42_deberta-v3-large_best.pt
Writing model shards: 100%|██████████| 1/1 [00:10<00:00, 10.16s/it]
2026-03-30 21:15:08 | INFO | value_context_rag.models.training | Saved HF bundle to results/hf_models/deberta_sentence_no_rag_seed42_deberta-v3-large_best
2026-03-30 21:15:28 | INFO | value_context_rag.models.training | Saved last checkpoint to results/checkpoints/deberta_sentence_no_rag_seed42_deberta-v3-large_best_last.pt
2026-03-30 21:15:28 | INFO | value_context_rag.models.training | Starting epoch 4/20
2026-03-30 21:21:37 | INFO | value_context_rag.models.training | Epoch 4/20 - train loss 0.0566
2026-03-30 21:21:37 | INFO | value_context_rag.models.training | Evaluating on validation split
2026-03-30 21:22:06 | INFO | value_context_rag.models.training | Validation metrics - macro_f1=0.1046 micro_f1=0.2540
2026-03-30 21:22:14 | INFO | value_context_rag.models.training | Saved best checkpoint to results/checkpoints/deberta_sentence_no_rag_seed42_deberta-v3-large_best.pt
Writing model shards: 100%|██████████| 1/1 [00:06<00:00,  6.66s/it]
2026-03-30 21:22:20 | INFO | value_context_rag.models.training | Saved HF bundle to results/hf_models/deberta_sentence_no_rag_seed42_deberta-v3-large_best
2026-03-30 21:22:40 | INFO | value_context_rag.models.training | Saved last checkpoint to results/checkpoints/deberta_sentence_no_rag_seed42_deberta-v3-large_best_last.pt
2026-03-30 21:22:40 | INFO | value_context_rag.models.training | Starting epoch 5/20
2026-03-30 21:28:52 | INFO | value_context_rag.models.training | Epoch 5/20 - train loss 0.0532
2026-03-30 21:28:52 | INFO | value_context_rag.models.training | Evaluating on validation split
2026-03-30 21:29:20 | INFO | value_context_rag.models.training | Validation metrics - macro_f1=0.1796 micro_f1=0.2961
2026-03-30 21:29:28 | INFO | value_context_rag.models.training | Saved best checkpoint to results/checkpoints/deberta_sentence_no_rag_seed42_deberta-v3-large_best.pt
Writing model shards: 100%|██████████| 1/1 [00:07<00:00,  7.74s/it]
2026-03-30 21:29:36 | INFO | value_context_rag.models.training | Saved HF bundle to results/hf_models/deberta_sentence_no_rag_seed42_deberta-v3-large_best
2026-03-30 21:29:57 | INFO | value_context_rag.models.training | Saved last checkpoint to results/checkpoints/deberta_sentence_no_rag_seed42_deberta-v3-large_best_last.pt
2026-03-30 21:29:57 | INFO | value_context_rag.models.training | Starting epoch 6/20
2026-03-30 21:36:10 | INFO | value_context_rag.models.training | Epoch 6/20 - train loss 0.0502
2026-03-30 21:36:10 | INFO | value_context_rag.models.training | Evaluating on validation split
2026-03-30 21:36:38 | INFO | value_context_rag.models.training | Validation metrics - macro_f1=0.2024 micro_f1=0.3084
2026-03-30 21:36:45 | INFO | value_context_rag.models.training | Saved best checkpoint to results/checkpoints/deberta_sentence_no_rag_seed42_deberta-v3-large_best.pt
Writing model shards: 100%|██████████| 1/1 [00:08<00:00,  8.03s/it]
2026-03-30 21:36:53 | INFO | value_context_rag.models.training | Saved HF bundle to results/hf_models/deberta_sentence_no_rag_seed42_deberta-v3-large_best
2026-03-30 21:37:13 | INFO | value_context_rag.models.training | Saved last checkpoint to results/checkpoints/deberta_sentence_no_rag_seed42_deberta-v3-large_best_last.pt
2026-03-30 21:37:13 | INFO | value_context_rag.models.training | Starting epoch 7/20
2026-03-30 21:43:26 | INFO | value_context_rag.models.training | Epoch 7/20 - train loss 0.0474
2026-03-30 21:43:26 | INFO | value_context_rag.models.training | Evaluating on validation split
2026-03-30 21:43:55 | INFO | value_context_rag.models.training | Validation metrics - macro_f1=0.2175 micro_f1=0.3143
2026-03-30 21:44:03 | INFO | value_context_rag.models.training | Saved best checkpoint to results/checkpoints/deberta_sentence_no_rag_seed42_deberta-v3-large_best.pt
Writing model shards: 100%|██████████| 1/1 [00:07<00:00,  7.85s/it]
2026-03-30 21:44:11 | INFO | value_context_rag.models.training | Saved HF bundle to results/hf_models/deberta_sentence_no_rag_seed42_deberta-v3-large_best
2026-03-30 21:44:32 | INFO | value_context_rag.models.training | Saved last checkpoint to results/checkpoints/deberta_sentence_no_rag_seed42_deberta-v3-large_best_last.pt
2026-03-30 21:44:32 | INFO | value_context_rag.models.training | Starting epoch 8/20
2026-03-30 21:50:44 | INFO | value_context_rag.models.training | Epoch 8/20 - train loss 0.0447
2026-03-30 21:50:44 | INFO | value_context_rag.models.training | Evaluating on validation split
2026-03-30 21:51:12 | INFO | value_context_rag.models.training | Validation metrics - macro_f1=0.2273 micro_f1=0.3170
2026-03-30 21:51:20 | INFO | value_context_rag.models.training | Saved best checkpoint to results/checkpoints/deberta_sentence_no_rag_seed42_deberta-v3-large_best.pt
Writing model shards: 100%|██████████| 1/1 [00:07<00:00,  8.00s/it]
2026-03-30 21:51:28 | INFO | value_context_rag.models.training | Saved HF bundle to results/hf_models/deberta_sentence_no_rag_seed42_deberta-v3-large_best
2026-03-30 21:51:49 | INFO | value_context_rag.models.training | Saved last checkpoint to results/checkpoints/deberta_sentence_no_rag_seed42_deberta-v3-large_best_last.pt
2026-03-30 21:51:49 | INFO | value_context_rag.models.training | Starting epoch 9/20
2026-03-30 21:58:01 | INFO | value_context_rag.models.training | Epoch 9/20 - train loss 0.0420
2026-03-30 21:58:01 | INFO | value_context_rag.models.training | Evaluating on validation split
2026-03-30 21:58:30 | INFO | value_context_rag.models.training | Validation metrics - macro_f1=0.2325 micro_f1=0.3171
2026-03-30 21:58:37 | INFO | value_context_rag.models.training | Saved best checkpoint to results/checkpoints/deberta_sentence_no_rag_seed42_deberta-v3-large_best.pt
Writing model shards: 100%|██████████| 1/1 [00:07<00:00,  7.53s/it]
2026-03-30 21:58:45 | INFO | value_context_rag.models.training | Saved HF bundle to results/hf_models/deberta_sentence_no_rag_seed42_deberta-v3-large_best
2026-03-30 21:59:06 | INFO | value_context_rag.models.training | Saved last checkpoint to results/checkpoints/deberta_sentence_no_rag_seed42_deberta-v3-large_best_last.pt
2026-03-30 21:59:06 | INFO | value_context_rag.models.training | Starting epoch 10/20
2026-03-30 22:05:17 | INFO | value_context_rag.models.training | Epoch 10/20 - train loss 0.0392
2026-03-30 22:05:17 | INFO | value_context_rag.models.training | Evaluating on validation split
2026-03-30 22:05:46 | INFO | value_context_rag.models.training | Validation metrics - macro_f1=0.2441 micro_f1=0.3124
2026-03-30 22:05:54 | INFO | value_context_rag.models.training | Saved best checkpoint to results/checkpoints/deberta_sentence_no_rag_seed42_deberta-v3-large_best.pt
Writing model shards: 100%|██████████| 1/1 [00:08<00:00,  8.99s/it]
2026-03-30 22:06:03 | INFO | value_context_rag.models.training | Saved HF bundle to results/hf_models/deberta_sentence_no_rag_seed42_deberta-v3-large_best
2026-03-30 22:06:24 | INFO | value_context_rag.models.training | Saved last checkpoint to results/checkpoints/deberta_sentence_no_rag_seed42_deberta-v3-large_best_last.pt
2026-03-30 22:06:24 | INFO | value_context_rag.models.training | Starting epoch 11/20
2026-03-30 22:12:36 | INFO | value_context_rag.models.training | Epoch 11/20 - train loss 0.0369
2026-03-30 22:12:36 | INFO | value_context_rag.models.training | Evaluating on validation split
2026-03-30 22:13:04 | INFO | value_context_rag.models.training | Validation metrics - macro_f1=0.2444 micro_f1=0.3123
2026-03-30 22:13:12 | INFO | value_context_rag.models.training | Saved best checkpoint to results/checkpoints/deberta_sentence_no_rag_seed42_deberta-v3-large_best.pt
Writing model shards: 100%|██████████| 1/1 [00:08<00:00,  8.70s/it]
2026-03-30 22:13:20 | INFO | value_context_rag.models.training | Saved HF bundle to results/hf_models/deberta_sentence_no_rag_seed42_deberta-v3-large_best
2026-03-30 22:13:42 | INFO | value_context_rag.models.training | Saved last checkpoint to results/checkpoints/deberta_sentence_no_rag_seed42_deberta-v3-large_best_last.pt
2026-03-30 22:13:42 | INFO | value_context_rag.models.training | Starting epoch 12/20
2026-03-30 22:19:54 | INFO | value_context_rag.models.training | Epoch 12/20 - train loss 0.0344
2026-03-30 22:19:54 | INFO | value_context_rag.models.training | Evaluating on validation split
2026-03-30 22:20:22 | INFO | value_context_rag.models.training | Validation metrics - macro_f1=0.2389 micro_f1=0.2957
2026-03-30 22:20:45 | INFO | value_context_rag.models.training | Saved last checkpoint to results/checkpoints/deberta_sentence_no_rag_seed42_deberta-v3-large_best_last.pt
2026-03-30 22:20:45 | INFO | value_context_rag.models.training | Starting epoch 13/20
2026-03-30 22:26:56 | INFO | value_context_rag.models.training | Epoch 13/20 - train loss 0.0321
2026-03-30 22:26:56 | INFO | value_context_rag.models.training | Evaluating on validation split
2026-03-30 22:27:24 | INFO | value_context_rag.models.training | Validation metrics - macro_f1=0.2490 micro_f1=0.2993
2026-03-30 22:27:33 | INFO | value_context_rag.models.training | Saved best checkpoint to results/checkpoints/deberta_sentence_no_rag_seed42_deberta-v3-large_best.pt
Writing model shards: 100%|██████████| 1/1 [00:09<00:00,  9.48s/it]
2026-03-30 22:27:43 | INFO | value_context_rag.models.training | Saved HF bundle to results/hf_models/deberta_sentence_no_rag_seed42_deberta-v3-large_best
2026-03-30 22:28:08 | INFO | value_context_rag.models.training | Saved last checkpoint to results/checkpoints/deberta_sentence_no_rag_seed42_deberta-v3-large_best_last.pt
2026-03-30 22:28:08 | INFO | value_context_rag.models.training | Starting epoch 14/20
2026-03-30 22:34:19 | INFO | value_context_rag.models.training | Epoch 14/20 - train loss 0.0299
2026-03-30 22:34:19 | INFO | value_context_rag.models.training | Evaluating on validation split
2026-03-30 22:34:48 | INFO | value_context_rag.models.training | Validation metrics - macro_f1=0.2423 micro_f1=0.2992
2026-03-30 22:35:15 | INFO | value_context_rag.models.training | Saved last checkpoint to results/checkpoints/deberta_sentence_no_rag_seed42_deberta-v3-large_best_last.pt
2026-03-30 22:35:15 | INFO | value_context_rag.models.training | Starting epoch 15/20
2026-03-30 22:41:27 | INFO | value_context_rag.models.training | Epoch 15/20 - train loss 0.0280
2026-03-30 22:41:27 | INFO | value_context_rag.models.training | Evaluating on validation split
2026-03-30 22:41:55 | INFO | value_context_rag.models.training | Validation metrics - macro_f1=0.2464 micro_f1=0.2958
2026-03-30 22:42:22 | INFO | value_context_rag.models.training | Saved last checkpoint to results/checkpoints/deberta_sentence_no_rag_seed42_deberta-v3-large_best_last.pt
2026-03-30 22:42:22 | INFO | value_context_rag.models.training | Starting epoch 16/20
2026-03-30 22:48:35 | INFO | value_context_rag.models.training | Epoch 16/20 - train loss 0.0260
2026-03-30 22:48:35 | INFO | value_context_rag.models.training | Evaluating on validation split
2026-03-30 22:49:03 | INFO | value_context_rag.models.training | Validation metrics - macro_f1=0.2451 micro_f1=0.2895
2026-03-30 22:49:03 | INFO | value_context_rag.models.training | Early stopping triggered after 3 epochs without improvement
2026-03-30 22:49:03 | INFO | value_context_rag.models.training | Saved token stats to results/logs/token_stats_deberta_sentence_no_rag_seed42_deberta-v3-large_best.json
2026-03-30 22:49:03 | INFO | value_context_rag.models.training | Validation summary (per epoch):
2026-03-30 22:49:03 | INFO | value_context_rag.models.training | epoch  macro_f1  micro_f1
2026-03-30 22:49:03 | INFO | value_context_rag.models.training |     1    0.0137    0.1242
2026-03-30 22:49:03 | INFO | value_context_rag.models.training |     2    0.0262    0.1168
2026-03-30 22:49:03 | INFO | value_context_rag.models.training |     3    0.0767    0.2318
2026-03-30 22:49:03 | INFO | value_context_rag.models.training |     4    0.1046    0.2540
2026-03-30 22:49:03 | INFO | value_context_rag.models.training |     5    0.1796    0.2961
2026-03-30 22:49:03 | INFO | value_context_rag.models.training |     6    0.2024    0.3084
2026-03-30 22:49:03 | INFO | value_context_rag.models.training |     7    0.2175    0.3143
2026-03-30 22:49:03 | INFO | value_context_rag.models.training |     8    0.2273    0.3170
2026-03-30 22:49:03 | INFO | value_context_rag.models.training |     9    0.2325    0.3171
2026-03-30 22:49:03 | INFO | value_context_rag.models.training |    10    0.2441    0.3124
2026-03-30 22:49:03 | INFO | value_context_rag.models.training |    11    0.2444    0.3123
2026-03-30 22:49:03 | INFO | value_context_rag.models.training |    12    0.2389    0.2957
2026-03-30 22:49:03 | INFO | value_context_rag.models.training |    13    0.2490    0.2993
2026-03-30 22:49:03 | INFO | value_context_rag.models.training |    14    0.2423    0.2992
2026-03-30 22:49:03 | INFO | value_context_rag.models.training |    15    0.2464    0.2958
2026-03-30 22:49:03 | INFO | value_context_rag.models.training |    16    0.2451    0.2895
2026-03-30 22:49:03 | INFO | value_context_rag.data.dataset | Loading label names from raw data
2026-03-30 22:49:03 | INFO | value_context_rag.models.deberta | Loading DeBERTa model microsoft/deberta-v3-large
Loading weights: 100%|██████████| 390/390 [00:00<00:00, 48934.38it/s]
2026-03-30 22:49:18 | INFO | value_context_rag.data.dataset | Loading split test
2026-03-30 22:49:18 | INFO | value_context_rag.data.dataset | Loading label names from raw data
2026-03-30 22:49:18 | INFO | value_context_rag.models.deberta | Loading DeBERTa model microsoft/deberta-v3-large
Loading weights: 100%|██████████| 390/390 [00:00<00:00, 41385.92it/s]
2026-03-30 22:49:21 | INFO | value_context_rag.models.training | Context budgets: max_length=1024 doc_budget=n/a kb_budget=n/a
2026-03-30 22:49:21 | INFO | value_context_rag.data.dataset | Loading split test
2026-03-30 22:49:40 | INFO | value_context_rag.models.training | Saved predictions to results/predictions/deberta_sentence_no_rag_seed42_deberta-v3-large.jsonl
2026-03-30 22:49:40 | INFO | value_context_rag.models.training | Saved metrics to results/logs/deberta_sentence_no_rag_seed42_deberta-v3-large_test_metrics.json
2026-03-30 22:49:40 | INFO | __main__ | Test metrics - macro_f1=0.2538 micro_f1=0.3001
2026-03-30 22:49:40 | INFO | __main__ | ================================================================================
2026-03-30 22:50:26 | INFO | value_context_rag.utils.config | Loading config from /home/vicyesmo@upvnet.upv.es/human-value-detection-context-rag/configs/deberta-v3-large_window_rag.yaml
2026-03-30 22:50:26 | INFO | value_context_rag.utils.seed | Setting random seeds
2026-03-30 22:50:27 | INFO | __main__ | ================================================================================
2026-03-30 22:50:27 | INFO | __main__ | Starting DeBERTa training with config /home/vicyesmo@upvnet.upv.es/human-value-detection-context-rag/configs/deberta-v3-large_window_rag.yaml
2026-03-30 22:50:27 | INFO | __main__ | Run: model=deberta variant=microsoft/deberta-v3-large context=window rag=True seed=42 eval=True dry_run=False
2026-03-30 22:50:27 | INFO | value_context_rag.utils.seed | Setting random seeds
2026-03-30 22:50:27 | INFO | value_context_rag.models.training | Loading dataset splits
2026-03-30 22:50:27 | INFO | value_context_rag.data.dataset | Loading split training
2026-03-30 22:50:27 | INFO | value_context_rag.data.dataset | Loading split validation
2026-03-30 22:50:27 | INFO | value_context_rag.kb.retriever | Loaded 58 KB chunks from data/kb/kb_chunks.jsonl
Loading weights: 100%|██████████| 103/103 [00:00<00:00, 10963.14it/s]
2026-03-30 22:50:34 | INFO | value_context_rag.data.dataset | Loading label names from raw data
2026-03-30 22:50:34 | INFO | value_context_rag.models.deberta | Loading DeBERTa model microsoft/deberta-v3-large
Loading weights: 100%|██████████| 390/390 [00:00<00:00, 36535.75it/s]
2026-03-30 22:50:36 | INFO | value_context_rag.models.training | Enabled gradient checkpointing
2026-03-30 22:50:37 | INFO | value_context_rag.models.training | Forced model parameters to fp32
2026-03-30 22:50:37 | INFO | value_context_rag.models.training | Context budgets: max_length=1024 doc_budget=n/a kb_budget=200
2026-03-30 22:50:37 | INFO | value_context_rag.models.training | Building training contexts (window)
2026-03-30 22:53:39 | INFO | value_context_rag.models.training | Building validation contexts (window)
2026-03-30 22:54:41 | INFO | value_context_rag.models.training | AdamW settings: lr=5e-06 wd=0.1 foreach=False fused=False
2026-03-30 22:54:41 | INFO | value_context_rag.models.training | Training config: batch=16 lr=5e-06 wd=0.1 max_len=1024 accum=2 save_ckpt=True
2026-03-30 22:54:41 | INFO | value_context_rag.models.training | Starting epoch 1/20
2026-03-30 23:24:27 | INFO | value_context_rag.models.training | Epoch 1/20 - train loss 0.0757
2026-03-30 23:24:27 | INFO | value_context_rag.models.training | Evaluating on validation split
2026-03-30 23:26:50 | INFO | value_context_rag.models.training | Validation metrics - macro_f1=0.0000 micro_f1=0.0000
2026-03-30 23:27:00 | INFO | value_context_rag.models.training | Saved best checkpoint to results/checkpoints/deberta_window_rag_seed42_deberta-v3-large_best.pt
Writing model shards: 100%|██████████| 1/1 [00:09<00:00,  9.23s/it]
2026-03-30 23:27:09 | INFO | value_context_rag.models.training | Saved HF bundle to results/hf_models/deberta_window_rag_seed42_deberta-v3-large_best
2026-03-30 23:27:34 | INFO | value_context_rag.models.training | Saved last checkpoint to results/checkpoints/deberta_window_rag_seed42_deberta-v3-large_best_last.pt
2026-03-30 23:27:34 | INFO | value_context_rag.models.training | Starting epoch 2/20
2026-03-30 23:57:17 | INFO | value_context_rag.models.training | Epoch 2/20 - train loss 0.0651
2026-03-30 23:57:17 | INFO | value_context_rag.models.training | Evaluating on validation split
2026-03-30 23:59:40 | INFO | value_context_rag.models.training | Validation metrics - macro_f1=0.0000 micro_f1=0.0000
2026-03-31 00:00:11 | INFO | value_context_rag.models.training | Saved last checkpoint to results/checkpoints/deberta_window_rag_seed42_deberta-v3-large_best_last.pt
2026-03-31 00:00:11 | INFO | value_context_rag.models.training | Starting epoch 3/20
2026-03-31 00:29:56 | INFO | value_context_rag.models.training | Epoch 3/20 - train loss 0.0651
2026-03-31 00:29:56 | INFO | value_context_rag.models.training | Evaluating on validation split
2026-03-31 00:32:19 | INFO | value_context_rag.models.training | Validation metrics - macro_f1=0.0000 micro_f1=0.0000
2026-03-31 00:32:40 | INFO | value_context_rag.models.training | Saved last checkpoint to results/checkpoints/deberta_window_rag_seed42_deberta-v3-large_best_last.pt
2026-03-31 00:32:40 | INFO | value_context_rag.models.training | Starting epoch 4/20
2026-03-31 01:02:23 | INFO | value_context_rag.models.training | Epoch 4/20 - train loss 0.0651
2026-03-31 01:02:23 | INFO | value_context_rag.models.training | Evaluating on validation split
2026-03-31 01:04:47 | INFO | value_context_rag.models.training | Validation metrics - macro_f1=0.0000 micro_f1=0.0000
2026-03-31 01:04:47 | INFO | value_context_rag.models.training | Early stopping triggered after 3 epochs without improvement
2026-03-31 01:04:47 | INFO | value_context_rag.models.training | Saved token stats to results/logs/token_stats_deberta_window_rag_seed42_deberta-v3-large_best.json
2026-03-31 01:04:47 | INFO | value_context_rag.models.training | Validation summary (per epoch):
2026-03-31 01:04:47 | INFO | value_context_rag.models.training | epoch  macro_f1  micro_f1
2026-03-31 01:04:47 | INFO | value_context_rag.models.training |     1    0.0000    0.0000
2026-03-31 01:04:47 | INFO | value_context_rag.models.training |     2    0.0000    0.0000
2026-03-31 01:04:47 | INFO | value_context_rag.models.training |     3    0.0000    0.0000
2026-03-31 01:04:47 | INFO | value_context_rag.models.training |     4    0.0000    0.0000
2026-03-31 01:04:47 | INFO | value_context_rag.data.dataset | Loading label names from raw data
2026-03-31 01:04:47 | INFO | value_context_rag.models.deberta | Loading DeBERTa model microsoft/deberta-v3-large
Loading weights: 100%|██████████| 390/390 [00:00<00:00, 48576.90it/s]
2026-03-31 01:04:57 | INFO | value_context_rag.data.dataset | Loading split test
2026-03-31 01:04:57 | INFO | value_context_rag.data.dataset | Loading label names from raw data
2026-03-31 01:04:58 | INFO | value_context_rag.models.deberta | Loading DeBERTa model microsoft/deberta-v3-large
Loading weights: 100%|██████████| 390/390 [00:00<00:00, 49594.60it/s]
2026-03-31 01:05:01 | INFO | value_context_rag.models.training | Context budgets: max_length=1024 doc_budget=n/a kb_budget=200
2026-03-31 01:05:01 | INFO | value_context_rag.kb.retriever | Loaded 58 KB chunks from data/kb/kb_chunks.jsonl
Loading weights: 100%|██████████| 103/103 [00:00<00:00, 12191.71it/s]
2026-03-31 01:05:03 | INFO | value_context_rag.data.dataset | Loading split test
2026-03-31 01:06:46 | INFO | value_context_rag.models.training | Saved predictions to results/predictions/deberta_window_rag_seed42_deberta-v3-large.jsonl
2026-03-31 01:06:46 | INFO | value_context_rag.models.training | Saved metrics to results/logs/deberta_window_rag_seed42_deberta-v3-large_test_metrics.json
2026-03-31 01:06:46 | INFO | __main__ | Test metrics - macro_f1=0.0000 micro_f1=0.0000
2026-03-31 01:06:46 | INFO | __main__ | ================================================================================
2026-03-31 01:07:20 | INFO | value_context_rag.utils.config | Loading config from /home/vicyesmo@upvnet.upv.es/human-value-detection-context-rag/configs/deberta-v3-large_doc.yaml
2026-03-31 01:07:20 | INFO | value_context_rag.utils.seed | Setting random seeds
2026-03-31 01:07:21 | INFO | __main__ | ================================================================================
2026-03-31 01:07:21 | INFO | __main__ | Starting DeBERTa training with config /home/vicyesmo@upvnet.upv.es/human-value-detection-context-rag/configs/deberta-v3-large_doc.yaml
2026-03-31 01:07:21 | INFO | __main__ | Run: model=deberta variant=microsoft/deberta-v3-large context=doc rag=False seed=42 eval=True dry_run=False
2026-03-31 01:07:21 | INFO | value_context_rag.utils.seed | Setting random seeds
2026-03-31 01:07:21 | INFO | value_context_rag.models.training | Loading dataset splits
2026-03-31 01:07:21 | INFO | value_context_rag.data.dataset | Loading split training
2026-03-31 01:07:21 | INFO | value_context_rag.data.dataset | Loading split validation
2026-03-31 01:07:22 | INFO | value_context_rag.data.dataset | Loading label names from raw data
2026-03-31 01:07:22 | INFO | value_context_rag.models.deberta | Loading DeBERTa model microsoft/deberta-v3-large
Loading weights: 100%|██████████| 390/390 [00:00<00:00, 48184.83it/s]
2026-03-31 01:07:24 | INFO | value_context_rag.models.training | Enabled gradient checkpointing
2026-03-31 01:07:25 | INFO | value_context_rag.models.training | Forced model parameters to fp32
2026-03-31 01:07:25 | INFO | value_context_rag.models.training | Context budgets: max_length=1024 doc_budget=824 kb_budget=n/a
2026-03-31 01:07:25 | INFO | value_context_rag.models.training | Building training contexts (doc)
2026-03-31 01:08:50 | INFO | value_context_rag.models.training | Building validation contexts (doc)
2026-03-31 01:09:21 | INFO | value_context_rag.models.training | AdamW settings: lr=5e-06 wd=0.1 foreach=False fused=False
2026-03-31 01:09:21 | INFO | value_context_rag.models.training | Training config: batch=16 lr=5e-06 wd=0.1 max_len=1024 accum=2 save_ckpt=True
2026-03-31 01:09:21 | INFO | value_context_rag.models.training | Starting epoch 1/20
2026-03-31 02:20:45 | INFO | value_context_rag.models.training | Epoch 1/20 - train loss 0.0752
2026-03-31 02:20:45 | INFO | value_context_rag.models.training | Evaluating on validation split
2026-03-31 02:26:37 | INFO | value_context_rag.models.training | Validation metrics - macro_f1=0.0000 micro_f1=0.0000
2026-03-31 02:26:45 | INFO | value_context_rag.models.training | Saved best checkpoint to results/checkpoints/deberta_doc_no_rag_seed42_deberta-v3-large_best.pt
Writing model shards: 100%|██████████| 1/1 [00:08<00:00,  8.08s/it]
2026-03-31 02:26:54 | INFO | value_context_rag.models.training | Saved HF bundle to results/hf_models/deberta_doc_no_rag_seed42_deberta-v3-large_best
2026-03-31 02:27:14 | INFO | value_context_rag.models.training | Saved last checkpoint to results/checkpoints/deberta_doc_no_rag_seed42_deberta-v3-large_best_last.pt
2026-03-31 02:27:14 | INFO | value_context_rag.models.training | Starting epoch 2/20
2026-03-31 03:38:43 | INFO | value_context_rag.models.training | Epoch 2/20 - train loss 0.0652
2026-03-31 03:38:43 | INFO | value_context_rag.models.training | Evaluating on validation split
2026-03-31 03:44:35 | INFO | value_context_rag.models.training | Validation metrics - macro_f1=0.0000 micro_f1=0.0000
2026-03-31 03:44:58 | INFO | value_context_rag.models.training | Saved last checkpoint to results/checkpoints/deberta_doc_no_rag_seed42_deberta-v3-large_best_last.pt
2026-03-31 03:44:58 | INFO | value_context_rag.models.training | Starting epoch 3/20
2026-03-31 04:56:27 | INFO | value_context_rag.models.training | Epoch 3/20 - train loss 0.0650
2026-03-31 04:56:27 | INFO | value_context_rag.models.training | Evaluating on validation split
2026-03-31 05:02:19 | INFO | value_context_rag.models.training | Validation metrics - macro_f1=0.0000 micro_f1=0.0000
2026-03-31 05:02:42 | INFO | value_context_rag.models.training | Saved last checkpoint to results/checkpoints/deberta_doc_no_rag_seed42_deberta-v3-large_best_last.pt
2026-03-31 05:02:42 | INFO | value_context_rag.models.training | Starting epoch 4/20
2026-03-31 06:14:10 | INFO | value_context_rag.models.training | Epoch 4/20 - train loss 0.0648
2026-03-31 06:14:10 | INFO | value_context_rag.models.training | Evaluating on validation split
2026-03-31 06:20:02 | INFO | value_context_rag.models.training | Validation metrics - macro_f1=0.0000 micro_f1=0.0000
2026-03-31 06:20:02 | INFO | value_context_rag.models.training | Early stopping triggered after 3 epochs without improvement
2026-03-31 06:20:02 | INFO | value_context_rag.models.training | Saved token stats to results/logs/token_stats_deberta_doc_no_rag_seed42_deberta-v3-large_best.json
2026-03-31 06:20:02 | INFO | value_context_rag.models.training | Validation summary (per epoch):
2026-03-31 06:20:02 | INFO | value_context_rag.models.training | epoch  macro_f1  micro_f1
2026-03-31 06:20:02 | INFO | value_context_rag.models.training |     1    0.0000    0.0000
2026-03-31 06:20:02 | INFO | value_context_rag.models.training |     2    0.0000    0.0000
2026-03-31 06:20:02 | INFO | value_context_rag.models.training |     3    0.0000    0.0000
2026-03-31 06:20:02 | INFO | value_context_rag.models.training |     4    0.0000    0.0000
2026-03-31 06:20:02 | INFO | value_context_rag.data.dataset | Loading label names from raw data
2026-03-31 06:20:02 | INFO | value_context_rag.models.deberta | Loading DeBERTa model microsoft/deberta-v3-large
Loading weights: 100%|██████████| 390/390 [00:00<00:00, 42579.55it/s]
2026-03-31 06:20:13 | INFO | value_context_rag.data.dataset | Loading split test
2026-03-31 06:20:13 | INFO | value_context_rag.data.dataset | Loading label names from raw data
2026-03-31 06:20:13 | INFO | value_context_rag.models.deberta | Loading DeBERTa model microsoft/deberta-v3-large
Loading weights: 100%|██████████| 390/390 [00:00<00:00, 49268.95it/s]
2026-03-31 06:20:15 | INFO | value_context_rag.models.training | Context budgets: max_length=1024 doc_budget=824 kb_budget=n/a
2026-03-31 06:20:15 | INFO | value_context_rag.data.dataset | Loading split test
2026-03-31 06:22:56 | INFO | value_context_rag.models.training | Saved predictions to results/predictions/deberta_doc_no_rag_seed42_deberta-v3-large.jsonl
2026-03-31 06:22:56 | INFO | value_context_rag.models.training | Saved metrics to results/logs/deberta_doc_no_rag_seed42_deberta-v3-large_test_metrics.json
2026-03-31 06:22:56 | INFO | __main__ | Test metrics - macro_f1=0.0000 micro_f1=0.0000
2026-03-31 06:22:56 | INFO | __main__ | ================================================================================
2026-03-31 06:23:28 | INFO | value_context_rag.utils.config | Loading config from /home/vicyesmo@upvnet.upv.es/human-value-detection-context-rag/configs/deberta-v3-large_doc_rag.yaml
2026-03-31 06:23:28 | INFO | value_context_rag.utils.seed | Setting random seeds
2026-03-31 06:23:28 | INFO | __main__ | ================================================================================
2026-03-31 06:23:28 | INFO | __main__ | Starting DeBERTa training with config /home/vicyesmo@upvnet.upv.es/human-value-detection-context-rag/configs/deberta-v3-large_doc_rag.yaml
2026-03-31 06:23:28 | INFO | __main__ | Run: model=deberta variant=microsoft/deberta-v3-large context=doc rag=True seed=42 eval=True dry_run=False
2026-03-31 06:23:28 | INFO | value_context_rag.utils.seed | Setting random seeds
2026-03-31 06:23:28 | INFO | value_context_rag.models.training | Loading dataset splits
2026-03-31 06:23:28 | INFO | value_context_rag.data.dataset | Loading split training
2026-03-31 06:23:29 | INFO | value_context_rag.data.dataset | Loading split validation
2026-03-31 06:23:29 | INFO | value_context_rag.kb.retriever | Loaded 58 KB chunks from data/kb/kb_chunks.jsonl
Loading weights: 100%|██████████| 103/103 [00:00<00:00, 12754.29it/s]
2026-03-31 06:23:35 | INFO | value_context_rag.data.dataset | Loading label names from raw data
2026-03-31 06:23:35 | INFO | value_context_rag.models.deberta | Loading DeBERTa model microsoft/deberta-v3-large
Loading weights: 100%|██████████| 390/390 [00:00<00:00, 37888.93it/s]
2026-03-31 06:23:37 | INFO | value_context_rag.models.training | Enabled gradient checkpointing
2026-03-31 06:23:37 | INFO | value_context_rag.models.training | Forced model parameters to fp32
2026-03-31 06:23:37 | INFO | value_context_rag.models.training | Context budgets: max_length=1024 doc_budget=824 kb_budget=200
2026-03-31 06:23:37 | INFO | value_context_rag.models.training | Building training contexts (doc)
2026-03-31 06:29:27 | INFO | value_context_rag.models.training | Building validation contexts (doc)
2026-03-31 06:31:28 | INFO | value_context_rag.models.training | AdamW settings: lr=5e-06 wd=0.1 foreach=False fused=False
2026-03-31 06:31:28 | INFO | value_context_rag.models.training | Training config: batch=16 lr=5e-06 wd=0.1 max_len=1024 accum=2 save_ckpt=True
2026-03-31 06:31:28 | INFO | value_context_rag.models.training | Starting epoch 1/20
2026-03-31 08:04:41 | INFO | value_context_rag.models.training | Epoch 1/20 - train loss 0.0722
2026-03-31 08:04:41 | INFO | value_context_rag.models.training | Evaluating on validation split
2026-03-31 08:12:19 | INFO | value_context_rag.models.training | Validation metrics - macro_f1=0.0000 micro_f1=0.0000
2026-03-31 08:12:27 | INFO | value_context_rag.models.training | Saved best checkpoint to results/checkpoints/deberta_doc_rag_seed42_deberta-v3-large_best.pt
Writing model shards: 100%|██████████| 1/1 [00:08<00:00,  8.21s/it]
2026-03-31 08:12:36 | INFO | value_context_rag.models.training | Saved HF bundle to results/hf_models/deberta_doc_rag_seed42_deberta-v3-large_best
2026-03-31 08:12:57 | INFO | value_context_rag.models.training | Saved last checkpoint to results/checkpoints/deberta_doc_rag_seed42_deberta-v3-large_best_last.pt
2026-03-31 08:12:57 | INFO | value_context_rag.models.training | Starting epoch 2/20
...